<?xml version="1.0" encoding="UTF-8"?><testrun name="Testrunner" project="Cucumber.Project" tests="2" started="2" failures="0" errors="1" ignored="0">
  <testsuite name="Runner.Testrunner" time="9.258">
    <testsuite name="Login to app" time="9.258">
      <testcase name="Login to the app" classname="Login to app" time="9.176"/>
      <testcase name="verify user" classname="Login to app" time="0.082">
        <error>java.lang.NullPointerException: Cannot invoke "org.openqa.selenium.WebDriver.findElement(org.openqa.selenium.By)" because "this.driver" is null&#13;
	at StepDefinition.login.click_on_user_and_verify(login.java:56)&#13;
	at âœ½.click on user and verify(file:///E:/ec/new/Cucumber.Project/CucuFeature/cucu.feature:10)&#13;
&#13;
</error>
      </testcase>
    </testsuite>
  </testsuite>
</testrun>
